2023-05-18T09:46:36.425977Z  INFO telemetry: job_telemetry_init artifact_type=installed branch=origin/04a360c96fb200d1d19ab9ac91053a2599e8a0cb ci_number=20230512.1 ci_name=CommonRuntime-prod-build build_time=2023-05-12 10:42:25.227114
2023-05-18T09:46:36.426192Z  INFO metrics-capability::do_main: metrics_capability: metrics cap config cap_config=MetricsCapConfig { polling_interval_sec: 15, send_to_history_interval_sec: 60, enabled_resource_metrics: ["CpuUtilizationPercentage", "GpuUtilizationPercentage", "GpuEnergyJoules", "GpuMemoryUtilizationPercentage", "GpuMemoryUtilizationMegabytes", "GpuMemoryCapacityMegabytes", "CpuMemoryUtilizationPercentage", "CpuMemoryUtilizationMegabytes", "CpuMemoryCapacityMegabytes", "DiskReadMegabytes", "DiskWriteMegabytes", "NetworkInputMegabytes", "NetworkOutputMegabytes", "IBReceiveMegabytes", "IBTransmitMegabytes", "DiskUsedMegabytes", "DiskAvailMegabytes", "StorageAPISuccessCount", "StorageAPIFailureCount"], reserved_disk_space_bytes: 1400000000, additional_scrape_jobs: [], prometheus_push_gateway_port: None }
2023-05-18T09:46:36.426300Z  INFO metrics-capability::do_main: metrics_capability: run token file created
2023-05-18T09:46:36.426327Z  INFO metrics-capability::do_main: metrics_capability: embedded file file="prometheus-template.yml"
2023-05-18T09:46:36.426749Z  INFO metrics-capability::do_main: metrics_capability: prometheus config file created
2023-05-18T09:46:36.426773Z  INFO metrics-capability::do_main: metrics_capability::additional_scrape_jobs_configer: No additional scrape jobs configured.
2023-05-18T09:46:36.426814Z  INFO metrics-capability::do_main: metrics_capability: prometheus push gateway not enabled
2023-05-18T09:46:36.426842Z  INFO metrics_capability: starting prometheus subprocess watcher task
2023-05-18T09:46:36.426875Z  INFO metrics_capability: starting prometheus subprocess: prometheus ["--storage.tsdb.retention.time=30m", "--log.level=info", "--enable-feature=expand-external-labels", "--config.file=/usr/local/bin/prometheus.yml", "--web.listen-address=0.0.0.0:9090"] retry_count=1
2023-05-18T09:46:36.426966Z  INFO metrics_capability: starting cadvisor subprocess watcher task
2023-05-18T09:46:36.426982Z  INFO metrics_capability: starting cadvisor subprocess: cadvisor ["--stderrthreshold=0", "--raw_cgroup_prefix_whitelist=/system.slice/containerd.service", "--listen_ip=0.0.0.0", "--port=8081"] retry_count=1
2023-05-18T09:46:36.427059Z  INFO metrics_capability: starting node-exporter subprocess watcher task
2023-05-18T09:46:36.427072Z  INFO metrics_capability: starting node-exporter subprocess: node_exporter ["--collector.disable-defaults", "--collector.infiniband", "--collector.diskstats", "--log.level=info", "--web.listen-address=0.0.0.0:9100"] retry_count=1
2023-05-18T09:46:36.427150Z  INFO metrics_capability: heartbeat: starting
2023-05-18T09:46:36.428527Z  INFO metrics_capability: started prometheus subprocess
2023-05-18T09:46:36.434716Z  INFO metrics_capability: starting run token updater task
2023-05-18T09:46:36.434785Z  INFO metrics_capability: starting disk full checker, reserved_disk_space_bytes: 1400000000
2023-05-18T09:46:36.434804Z  INFO metrics_capability: heartbeat: AZ_BATCH_NODE_ROOT_DIR (node_disk_available_bytes) = 22734622720 metric_name=node_disk_available_bytes value=22734622720 root_dir=/mnt/root_dir
2023-05-18T09:46:36.434849Z  INFO metrics-capability::do_main: metrics_capability: No GPUs found, skipping nvidia-smi instant exporter
2023-05-18T09:46:36.434875Z  INFO metrics-capability::do_main: metrics_capability: metrics capability starting service address=/mnt/azureml/cr/j/f639b4e113204b299a571aac67115968/.grpc/metrics-capability:0
2023-05-18T09:46:36.434925Z  INFO metrics-capability::do_main:metrics-capability::run_service{address="/mnt/azureml/cr/j/f639b4e113204b299a571aac67115968/.grpc/metrics-capability:0" handles=[JoinHandle { id: Id(9) }, JoinHandle { id: Id(10) }, JoinHandle { id: Id(11) }, JoinHandle { id: Id(12) }, JoinHandle { id: Id(13) }, JoinHandle { id: Id(14) }]}: metrics_capability::service: metrics capability starting service address=/mnt/azureml/cr/j/f639b4e113204b299a571aac67115968/.grpc/metrics-capability:0
2023-05-18T09:46:36.435113Z  INFO vienna_client::run_history::refresh_run_token{service_endpoint="https://eastus.api.azureml.ms" run_id=RunId { subscription_id: "29776e82-e128-4f2d-a565-dc6435100c74", resource_group_name: "automl-rg-202305180930", workspace_name: "automl-ws-202305180930", experiment_name: "automl-marketing-classifier", run_id: "elated_chaconia_ygd1xh94fg_8" }}: vienna_client::run_history: Calling service service_endpoint="https://eastus.api.azureml.ms"
2023-05-18T09:46:36.441782Z  INFO metrics-capability::do_main:metrics-capability::run_service{address="/mnt/azureml/cr/j/f639b4e113204b299a571aac67115968/.grpc/metrics-capability:0" handles=[JoinHandle { id: Id(9) }, JoinHandle { id: Id(10) }, JoinHandle { id: Id(11) }, JoinHandle { id: Id(12) }, JoinHandle { id: Id(13) }, JoinHandle { id: Id(14) }]}:serve: grpc_utils::endpoint::serve: serving gRPC service endpoint=Uds("/mnt/azureml/cr/j/f639b4e113204b299a571aac67115968/.grpc/metrics-capability:0") retry=ExponentialBackoffRetry { retry_delay_secs: 2, delay_factor: 1000, num_retries: 3 }
2023-05-18T09:46:36.448622Z  INFO metrics_capability: started node-exporter subprocess
2023-05-18T09:46:36.448848Z  INFO metrics_capability: started cadvisor subprocess
2023-05-18T09:46:36.460477Z  INFO metrics_capability: [node-exporter] ts=2023-05-18T09:46:36.460Z caller=node_exporter.go:182 level=info msg="Starting node_exporter" version="(version=1.3.1, branch=HEAD, revision=a2321e7b940ddcff26873612bccdf7cd4c42b6b6)"
2023-05-18T09:46:36.460510Z  INFO metrics_capability: [node-exporter] ts=2023-05-18T09:46:36.460Z caller=node_exporter.go:183 level=info msg="Build context" build_context="(go=go1.17.3, user=root@243aafa5525c, date=20211205-11:09:49)"
2023-05-18T09:46:36.460520Z  INFO metrics_capability: [node-exporter] ts=2023-05-18T09:46:36.460Z caller=node_exporter.go:185 level=warn msg="Node Exporter is running as root user. This exporter is designed to run as unpriviledged user, root is not required."
2023-05-18T09:46:36.460751Z  INFO metrics_capability: [node-exporter] ts=2023-05-18T09:46:36.460Z caller=node_exporter.go:108 level=info msg="Enabled collectors"
2023-05-18T09:46:36.460765Z  INFO metrics_capability: [node-exporter] ts=2023-05-18T09:46:36.460Z caller=node_exporter.go:115 level=info collector=diskstats
2023-05-18T09:46:36.460775Z  INFO metrics_capability: [node-exporter] ts=2023-05-18T09:46:36.460Z caller=node_exporter.go:115 level=info collector=infiniband
2023-05-18T09:46:36.460852Z  INFO metrics_capability: [node-exporter] ts=2023-05-18T09:46:36.460Z caller=node_exporter.go:199 level=info msg="Listening on" address=0.0.0.0:9100
2023-05-18T09:46:36.460995Z  INFO metrics_capability: [node-exporter] ts=2023-05-18T09:46:36.460Z caller=tls_config.go:195 level=info msg="TLS is disabled." http2=false
2023-05-18T09:46:36.500813Z  INFO vienna_client::run_history::refresh_run_token{service_endpoint="https://eastus.api.azureml.ms" run_id=RunId { subscription_id: "29776e82-e128-4f2d-a565-dc6435100c74", resource_group_name: "automl-rg-202305180930", workspace_name: "automl-ws-202305180930", experiment_name: "automl-marketing-classifier", run_id: "elated_chaconia_ygd1xh94fg_8" }}: vienna_client::run_history: close time.busy=7.99ms time.idle=57.7ms
2023-05-18T09:46:36.500846Z  INFO metrics_capability: run token refreshed, expiration 2023-05-19 09:46:36.494852500 +00:00
2023-05-18T09:46:36.500964Z  INFO metrics_capability: run token written to file
2023-05-18T09:46:36.512481Z  INFO metrics_capability: [prometheus] ts=2023-05-18T09:46:36.512Z caller=main.go:180 level=info msg="Experimental expand-external-labels enabled"
2023-05-18T09:46:36.513256Z  INFO metrics_capability: [prometheus] ts=2023-05-18T09:46:36.513Z caller=main.go:515 level=info msg="Starting Prometheus" version="(version=2.32.1, branch=HEAD, revision=41f1a8125e664985dd30674e5bdf6b683eff5d32)"
2023-05-18T09:46:36.513333Z  INFO metrics_capability: [prometheus] ts=2023-05-18T09:46:36.513Z caller=main.go:520 level=info build_context="(go=go1.17.5, user=root@54b6dbd48b97, date=20211217-22:08:06)"
2023-05-18T09:46:36.513397Z  INFO metrics_capability: [prometheus] ts=2023-05-18T09:46:36.513Z caller=main.go:521 level=info host_details="(Linux 5.15.0-1029-azure #36~20.04.1-Ubuntu SMP Tue Dec 6 17:00:26 UTC 2022 x86_64 a269d273e99e402ba10764430e0053a6000001 (none))"
2023-05-18T09:46:36.513456Z  INFO metrics_capability: [prometheus] ts=2023-05-18T09:46:36.513Z caller=main.go:522 level=info fd_limits="(soft=262144, hard=262144)"
2023-05-18T09:46:36.513510Z  INFO metrics_capability: [prometheus] ts=2023-05-18T09:46:36.513Z caller=main.go:523 level=info vm_limits="(soft=unlimited, hard=unlimited)"
2023-05-18T09:46:36.515530Z  INFO metrics_capability: [prometheus] ts=2023-05-18T09:46:36.515Z caller=web.go:570 level=info component=web msg="Start listening for connections" address=0.0.0.0:9090
2023-05-18T09:46:36.521436Z  INFO metrics_capability: [prometheus] ts=2023-05-18T09:46:36.515Z caller=main.go:924 level=info msg="Starting TSDB ..."
2023-05-18T09:46:36.521462Z  INFO metrics_capability: [prometheus] ts=2023-05-18T09:46:36.518Z caller=head.go:488 level=info component=tsdb msg="Replaying on-disk memory mappable chunks if any"
2023-05-18T09:46:36.521472Z  INFO metrics_capability: [prometheus] ts=2023-05-18T09:46:36.518Z caller=head.go:522 level=info component=tsdb msg="On-disk memory mappable chunks replay completed" duration=1.5µs
2023-05-18T09:46:36.521480Z  INFO metrics_capability: [prometheus] ts=2023-05-18T09:46:36.518Z caller=head.go:528 level=info component=tsdb msg="Replaying WAL, this may take a while"
2023-05-18T09:46:36.521490Z  INFO metrics_capability: [prometheus] ts=2023-05-18T09:46:36.518Z caller=tls_config.go:195 level=info component=web msg="TLS is disabled." http2=false
2023-05-18T09:46:36.521497Z  INFO metrics_capability: [prometheus] ts=2023-05-18T09:46:36.518Z caller=head.go:599 level=info component=tsdb msg="WAL segment loaded" segment=0 maxSegment=0
2023-05-18T09:46:36.521507Z  INFO metrics_capability: [prometheus] ts=2023-05-18T09:46:36.519Z caller=head.go:605 level=info component=tsdb msg="WAL replay completed" checkpoint_replay_duration=27.6µs wal_replay_duration=745.308µs total_replay_duration=788.208µs
2023-05-18T09:46:36.521515Z  INFO metrics_capability: [prometheus] ts=2023-05-18T09:46:36.519Z caller=main.go:945 level=info fs_type=794c7630
2023-05-18T09:46:36.521522Z  INFO metrics_capability: [prometheus] ts=2023-05-18T09:46:36.519Z caller=main.go:948 level=info msg="TSDB started"
2023-05-18T09:46:36.521530Z  INFO metrics_capability: [prometheus] ts=2023-05-18T09:46:36.519Z caller=main.go:1129 level=info msg="Loading configuration file" filename=/usr/local/bin/prometheus.yml
2023-05-18T09:46:36.521539Z  INFO metrics_capability: [prometheus] ts=2023-05-18T09:46:36.520Z caller=dedupe.go:112 component=remote level=info remote_name=a637da url=https://eastus.api.azureml.ms/metric/v2.0/subscriptions/29776e82-e128-4f2d-a565-dc6435100c74/resourceGroups/automl-rg-202305180930/providers/Microsoft.MachineLearningServices/workspaces/automl-ws-202305180930/api/2.0/prometheus/post msg="Starting WAL watcher" queue=a637da
2023-05-18T09:46:36.521547Z  INFO metrics_capability: [prometheus] ts=2023-05-18T09:46:36.520Z caller=dedupe.go:112 component=remote level=info remote_name=a637da url=https://eastus.api.azureml.ms/metric/v2.0/subscriptions/29776e82-e128-4f2d-a565-dc6435100c74/resourceGroups/automl-rg-202305180930/providers/Microsoft.MachineLearningServices/workspaces/automl-ws-202305180930/api/2.0/prometheus/post msg="Starting scraped metadata watcher"
2023-05-18T09:46:36.521554Z  INFO metrics_capability: [prometheus] ts=2023-05-18T09:46:36.521Z caller=dedupe.go:112 component=remote level=info remote_name=a637da url=https://eastus.api.azureml.ms/metric/v2.0/subscriptions/29776e82-e128-4f2d-a565-dc6435100c74/resourceGroups/automl-rg-202305180930/providers/Microsoft.MachineLearningServices/workspaces/automl-ws-202305180930/api/2.0/prometheus/post msg="Replaying WAL" queue=a637da
2023-05-18T09:46:36.534938Z  INFO metrics_capability: [prometheus] ts=2023-05-18T09:46:36.534Z caller=main.go:1166 level=info msg="Completed loading of configuration file" filename=/usr/local/bin/prometheus.yml totalDuration=15.015246ms db_storage=600ns remote_storage=397.704µs web_handler=300ns query_engine=300ns scrape=8.767785ms scrape_sd=61.701µs notify=700ns notify_sd=1.8µs rules=4.978048ms
2023-05-18T09:46:36.534967Z  INFO metrics_capability: [prometheus] ts=2023-05-18T09:46:36.534Z caller=main.go:897 level=info msg="Server is ready to receive web requests."
2023-05-18T09:46:37.009601Z  INFO metrics-capability::start: metrics_capability::capability_service: metrics capability lifecycle hook start called
2023-05-18T09:46:37.009641Z  INFO metrics-capability::start: metrics_capability::capability_service: close time.busy=41.2µs time.idle=12.9µs
2023-05-18T09:46:42.482010Z  INFO metrics_capability: [prometheus] ts=2023-05-18T09:46:42.481Z caller=dedupe.go:112 component=remote level=info remote_name=a637da url=https://eastus.api.azureml.ms/metric/v2.0/subscriptions/29776e82-e128-4f2d-a565-dc6435100c74/resourceGroups/automl-rg-202305180930/providers/Microsoft.MachineLearningServices/workspaces/automl-ws-202305180930/api/2.0/prometheus/post msg="Done replaying WAL" duration=5.960646914s
